2025-08-31 18:42:49,234 - __main__ - INFO - Starting DVD Data Checker
2025-08-31 18:42:49,262 - __main__ - INFO - Available schemas:
2025-08-31 18:42:49,362 - __main__ - ERROR - Error during execution: 'utf-8' codec can't decode byte 0xfc in position 97: invalid start byte
2025-08-31 18:43:14,232 - __main__ - INFO - Starting DVD Data Checker
2025-08-31 18:43:14,263 - __main__ - INFO - Available schemas:
2025-08-31 18:43:14,410 - db.connector - ERROR - Error getting schemas: 'utf-8' codec can't decode byte 0xfc in position 97: invalid start byte
2025-08-31 18:50:00,137 - __main__ - INFO - Starting DVD Data Checker
2025-08-31 18:50:00,166 - __main__ - INFO - Available schemas:
2025-08-31 18:50:00,304 - db.connector - ERROR - Error getting schemas: 'utf-8' codec can't decode byte 0xfc in position 97: invalid start byte
2025-08-31 18:51:52,538 - __main__ - INFO - Starting DVD Data Checker
2025-08-31 18:51:52,563 - __main__ - INFO - Available schemas:
2025-08-31 18:51:52,760 - db.connector - ERROR - Error getting schemas: 'utf-8' codec can't decode byte 0xfc in position 97: invalid start byte
2025-08-31 18:52:10,444 - __main__ - INFO - Starting DVD Data Checker
2025-08-31 18:52:10,463 - __main__ - INFO - Available schemas:
2025-08-31 18:52:10,610 - db.connector - ERROR - Error getting schemas: 'utf-8' codec can't decode byte 0xfc in position 97: invalid start byte
2025-08-31 18:53:55,923 - __main__ - INFO - Starting DVD Data Checker
2025-08-31 18:53:55,973 - __main__ - INFO - Available schemas:
2025-08-31 18:53:56,141 - db.connector - WARNING - Connection strategy 1 failed: 'utf-8' codec can't decode byte 0xfc in position 97: invalid start byte
2025-08-31 18:53:56,276 - db.connector - WARNING - Connection strategy 2 failed: 'utf-8' codec can't decode byte 0xfc in position 97: invalid start byte
2025-08-31 18:53:56,413 - db.connector - WARNING - Connection strategy 3 failed: 'utf-8' codec can't decode byte 0xfc in position 97: invalid start byte
2025-08-31 18:53:56,566 - db.connector - WARNING - Connection strategy 4 failed: 'utf-8' codec can't decode byte 0xfc in position 97: invalid start byte
2025-08-31 18:53:56,566 - db.connector - ERROR - All connection strategies failed. Last error: 'utf-8' codec can't decode byte 0xfc in position 97: invalid start byte
2025-08-31 18:53:56,566 - db.connector - ERROR - Error getting schemas: 'utf-8' codec can't decode byte 0xfc in position 97: invalid start byte
2025-08-31 18:54:43,155 - __main__ - INFO - Starting DVD Data Checker
2025-08-31 18:54:43,158 - __main__ - INFO - Available schemas:
2025-08-31 18:54:43,255 - db.connector - WARNING - Connection strategy 1 failed: 'utf-8' codec can't decode byte 0xfc in position 97: invalid start byte
2025-08-31 18:54:43,326 - db.connector - WARNING - Connection strategy 2 failed: 'utf-8' codec can't decode byte 0xfc in position 97: invalid start byte
2025-08-31 18:54:43,462 - db.connector - WARNING - Connection strategy 3 failed: 'utf-8' codec can't decode byte 0xfc in position 97: invalid start byte
2025-08-31 18:54:43,575 - db.connector - WARNING - Connection strategy 4 failed: 'utf-8' codec can't decode byte 0xfc in position 97: invalid start byte
2025-08-31 18:54:43,575 - db.connector - ERROR - All connection strategies failed. Last error: 'utf-8' codec can't decode byte 0xfc in position 97: invalid start byte
2025-08-31 18:54:43,575 - db.connector - ERROR - Error getting schemas: 'utf-8' codec can't decode byte 0xfc in position 97: invalid start byte
2025-08-31 18:54:51,190 - __main__ - INFO - Starting DVD Data Checker
2025-08-31 18:54:51,190 - __main__ - INFO - Available schemas:
2025-08-31 18:54:51,316 - db.connector - WARNING - Connection strategy 1 failed: 'utf-8' codec can't decode byte 0xfc in position 97: invalid start byte
2025-08-31 18:54:51,386 - db.connector - WARNING - Connection strategy 2 failed: 'utf-8' codec can't decode byte 0xfc in position 97: invalid start byte
2025-08-31 18:54:51,498 - db.connector - WARNING - Connection strategy 3 failed: 'utf-8' codec can't decode byte 0xfc in position 97: invalid start byte
2025-08-31 18:54:51,585 - db.connector - WARNING - Connection strategy 4 failed: 'utf-8' codec can't decode byte 0xfc in position 97: invalid start byte
2025-08-31 18:54:51,585 - db.connector - ERROR - All connection strategies failed. Last error: 'utf-8' codec can't decode byte 0xfc in position 97: invalid start byte
2025-08-31 18:54:51,585 - db.connector - ERROR - Error getting schemas: 'utf-8' codec can't decode byte 0xfc in position 97: invalid start byte
2025-08-31 18:55:45,861 - __main__ - INFO - Starting DVD Data Checker
2025-08-31 18:55:45,885 - __main__ - INFO - Available schemas:
2025-08-31 18:55:45,990 - db.connector - WARNING - Connection strategy 1 failed: 'utf-8' codec can't decode byte 0xfc in position 97: invalid start byte
2025-08-31 18:55:46,070 - db.connector - WARNING - Connection strategy 2 failed: 'utf-8' codec can't decode byte 0xfc in position 97: invalid start byte
2025-08-31 18:55:46,240 - db.connector - WARNING - Connection strategy 3 failed: 'utf-8' codec can't decode byte 0xfc in position 97: invalid start byte
2025-08-31 18:55:46,344 - db.connector - WARNING - Connection strategy 4 failed: 'utf-8' codec can't decode byte 0xfc in position 97: invalid start byte
2025-08-31 18:55:46,344 - db.connector - ERROR - All connection strategies failed. Last error: 'utf-8' codec can't decode byte 0xfc in position 97: invalid start byte
2025-08-31 18:55:46,344 - db.connector - ERROR - Error getting schemas: 'utf-8' codec can't decode byte 0xfc in position 97: invalid start byte
2025-08-31 18:56:52,077 - __main__ - INFO - Starting DVD Data Checker
2025-08-31 18:56:52,077 - __main__ - INFO - Available tables in schema 'publicstg_schema':
2025-08-31 18:56:52,187 - db.connector - WARNING - Connection strategy 1 failed: 'utf-8' codec can't decode byte 0xfc in position 97: invalid start byte
2025-08-31 18:56:52,254 - db.connector - WARNING - Connection strategy 2 failed: 'utf-8' codec can't decode byte 0xfc in position 97: invalid start byte
2025-08-31 18:56:52,337 - db.connector - WARNING - Connection strategy 3 failed: 'utf-8' codec can't decode byte 0xfc in position 97: invalid start byte
2025-08-31 18:56:52,427 - db.connector - WARNING - Connection strategy 4 failed: 'utf-8' codec can't decode byte 0xfc in position 97: invalid start byte
2025-08-31 18:56:52,427 - db.connector - ERROR - All connection strategies failed. Last error: 'utf-8' codec can't decode byte 0xfc in position 97: invalid start byte
2025-08-31 18:56:52,427 - db.connector - ERROR - Error getting tables for schema publicstg_schema: 'utf-8' codec can't decode byte 0xfc in position 97: invalid start byte
2025-08-31 18:57:01,060 - __main__ - INFO - Starting DVD Data Checker
2025-08-31 18:57:01,077 - __main__ - INFO - Available tables in schema 'stg_schema':
2025-08-31 18:57:01,181 - db.connector - WARNING - Connection strategy 1 failed: 'utf-8' codec can't decode byte 0xfc in position 97: invalid start byte
2025-08-31 18:57:01,262 - db.connector - WARNING - Connection strategy 2 failed: 'utf-8' codec can't decode byte 0xfc in position 97: invalid start byte
2025-08-31 18:57:01,346 - db.connector - WARNING - Connection strategy 3 failed: 'utf-8' codec can't decode byte 0xfc in position 97: invalid start byte
2025-08-31 18:57:01,423 - db.connector - WARNING - Connection strategy 4 failed: 'utf-8' codec can't decode byte 0xfc in position 97: invalid start byte
2025-08-31 18:57:01,423 - db.connector - ERROR - All connection strategies failed. Last error: 'utf-8' codec can't decode byte 0xfc in position 97: invalid start byte
2025-08-31 18:57:01,423 - db.connector - ERROR - Error getting tables for schema stg_schema: 'utf-8' codec can't decode byte 0xfc in position 97: invalid start byte
2025-08-31 18:57:06,252 - __main__ - INFO - Starting DVD Data Checker
2025-08-31 18:57:06,268 - __main__ - INFO - Available tables in schema 'stg_schema':
2025-08-31 18:57:06,381 - db.connector - WARNING - Connection strategy 1 failed: 'utf-8' codec can't decode byte 0xfc in position 97: invalid start byte
2025-08-31 18:57:06,456 - db.connector - WARNING - Connection strategy 2 failed: 'utf-8' codec can't decode byte 0xfc in position 97: invalid start byte
2025-08-31 18:57:06,553 - db.connector - WARNING - Connection strategy 3 failed: 'utf-8' codec can't decode byte 0xfc in position 97: invalid start byte
2025-08-31 18:57:06,690 - db.connector - WARNING - Connection strategy 4 failed: 'utf-8' codec can't decode byte 0xfc in position 97: invalid start byte
2025-08-31 18:57:06,690 - db.connector - ERROR - All connection strategies failed. Last error: 'utf-8' codec can't decode byte 0xfc in position 97: invalid start byte
2025-08-31 18:57:06,690 - db.connector - ERROR - Error getting tables for schema stg_schema: 'utf-8' codec can't decode byte 0xfc in position 97: invalid start byte
2025-08-31 18:58:10,996 - __main__ - INFO - Starting DVD Data Checker
2025-08-31 18:58:11,019 - __main__ - INFO - Available schemas:
2025-08-31 18:58:11,195 - db.connector - WARNING - Connection strategy 1 failed: 'utf-8' codec can't decode byte 0xfc in position 97: invalid start byte
2025-08-31 18:58:11,317 - db.connector - WARNING - Connection strategy 2 failed: 'utf-8' codec can't decode byte 0xfc in position 97: invalid start byte
2025-08-31 18:58:11,417 - db.connector - WARNING - Connection strategy 3 failed: 'utf-8' codec can't decode byte 0xfc in position 97: invalid start byte
2025-08-31 18:58:11,507 - db.connector - WARNING - Connection strategy 4 failed: 'utf-8' codec can't decode byte 0xfc in position 97: invalid start byte
2025-08-31 18:58:11,507 - db.connector - ERROR - All connection strategies failed. Last error: 'utf-8' codec can't decode byte 0xfc in position 97: invalid start byte
2025-08-31 18:58:11,507 - db.connector - ERROR - Error getting schemas: 'utf-8' codec can't decode byte 0xfc in position 97: invalid start byte
2025-08-31 19:02:07,694 - __main__ - INFO - Starting DVD Data Checker
2025-08-31 19:02:07,769 - __main__ - INFO - Available schemas:
2025-08-31 19:02:08,336 - db.connector - WARNING - Connection strategy 1 failed: 'utf-8' codec can't decode byte 0xfc in position 97: invalid start byte
2025-08-31 19:02:08,795 - db.connector - WARNING - Connection strategy 2 failed: 'utf-8' codec can't decode byte 0xfc in position 97: invalid start byte
2025-08-31 19:02:09,352 - db.connector - WARNING - Connection strategy 3 failed: 'utf-8' codec can't decode byte 0xfc in position 97: invalid start byte
2025-08-31 19:02:09,621 - db.connector - WARNING - Connection strategy 4 failed: 'utf-8' codec can't decode byte 0xfc in position 97: invalid start byte
2025-08-31 19:02:09,621 - db.connector - ERROR - All connection strategies failed. Last error: 'utf-8' codec can't decode byte 0xfc in position 97: invalid start byte
2025-08-31 19:02:09,621 - db.connector - ERROR - Error getting schemas: 'utf-8' codec can't decode byte 0xfc in position 97: invalid start byte
2025-08-31 19:02:36,454 - __main__ - INFO - Starting DVD Data Checker
2025-08-31 19:02:36,463 - __main__ - INFO - Available schemas:
2025-08-31 19:02:36,667 - db.connector - WARNING - Connection strategy 1 failed: 'utf-8' codec can't decode byte 0xfc in position 97: invalid start byte
2025-08-31 19:02:36,840 - db.connector - WARNING - Connection strategy 2 failed: 'utf-8' codec can't decode byte 0xfc in position 97: invalid start byte
2025-08-31 19:02:36,917 - db.connector - WARNING - Connection strategy 3 failed: 'utf-8' codec can't decode byte 0xfc in position 97: invalid start byte
2025-08-31 19:02:37,043 - db.connector - WARNING - Connection strategy 4 failed: 'utf-8' codec can't decode byte 0xfc in position 97: invalid start byte
2025-08-31 19:02:37,043 - db.connector - ERROR - All connection strategies failed. Last error: 'utf-8' codec can't decode byte 0xfc in position 97: invalid start byte
2025-08-31 19:02:37,044 - db.connector - ERROR - Error getting schemas: 'utf-8' codec can't decode byte 0xfc in position 97: invalid start byte
2025-08-31 19:02:42,607 - __main__ - INFO - Starting DVD Data Checker
2025-08-31 19:02:42,611 - __main__ - INFO - Available tables in schema 'stg_schema':
2025-08-31 19:02:42,802 - db.connector - WARNING - Connection strategy 1 failed: 'utf-8' codec can't decode byte 0xfc in position 97: invalid start byte
2025-08-31 19:02:42,995 - db.connector - WARNING - Connection strategy 2 failed: 'utf-8' codec can't decode byte 0xfc in position 97: invalid start byte
2025-08-31 19:02:43,101 - db.connector - WARNING - Connection strategy 3 failed: 'utf-8' codec can't decode byte 0xfc in position 97: invalid start byte
2025-08-31 19:02:43,173 - db.connector - WARNING - Connection strategy 4 failed: 'utf-8' codec can't decode byte 0xfc in position 97: invalid start byte
2025-08-31 19:02:43,173 - db.connector - ERROR - All connection strategies failed. Last error: 'utf-8' codec can't decode byte 0xfc in position 97: invalid start byte
2025-08-31 19:02:43,173 - db.connector - ERROR - Error getting tables for schema stg_schema: 'utf-8' codec can't decode byte 0xfc in position 97: invalid start byte
2025-08-31 19:02:50,256 - __main__ - INFO - Starting DVD Data Checker
2025-08-31 19:02:50,290 - __main__ - INFO - Available tables in schema 'stg_schema':
2025-08-31 19:02:50,449 - db.connector - WARNING - Connection strategy 1 failed: 'utf-8' codec can't decode byte 0xfc in position 97: invalid start byte
2025-08-31 19:02:50,761 - db.connector - WARNING - Connection strategy 2 failed: 'utf-8' codec can't decode byte 0xfc in position 97: invalid start byte
2025-08-31 19:02:50,960 - db.connector - WARNING - Connection strategy 3 failed: 'utf-8' codec can't decode byte 0xfc in position 97: invalid start byte
2025-08-31 19:02:51,206 - db.connector - WARNING - Connection strategy 4 failed: 'utf-8' codec can't decode byte 0xfc in position 97: invalid start byte
2025-08-31 19:02:51,206 - db.connector - ERROR - All connection strategies failed. Last error: 'utf-8' codec can't decode byte 0xfc in position 97: invalid start byte
2025-08-31 19:02:51,206 - db.connector - ERROR - Error getting tables for schema stg_schema: 'utf-8' codec can't decode byte 0xfc in position 97: invalid start byte
2025-08-31 19:04:08,448 - __main__ - INFO - Starting DVD Data Checker
2025-08-31 19:04:08,505 - __main__ - INFO - Available tables in schema 'stg_schema':
2025-08-31 19:04:08,758 - db.connector - WARNING - Connection strategy 1 failed: 'utf-8' codec can't decode byte 0xfc in position 97: invalid start byte
2025-08-31 19:04:08,955 - db.connector - WARNING - Connection strategy 2 failed: 'utf-8' codec can't decode byte 0xfc in position 97: invalid start byte
2025-08-31 19:04:09,132 - db.connector - WARNING - Connection strategy 3 failed: 'utf-8' codec can't decode byte 0xfc in position 97: invalid start byte
2025-08-31 19:04:09,323 - db.connector - WARNING - Connection strategy 4 failed: 'utf-8' codec can't decode byte 0xfc in position 97: invalid start byte
2025-08-31 19:04:09,323 - db.connector - ERROR - All connection strategies failed. Last error: 'utf-8' codec can't decode byte 0xfc in position 97: invalid start byte
2025-08-31 19:04:09,323 - db.connector - ERROR - Error getting tables for schema stg_schema: 'utf-8' codec can't decode byte 0xfc in position 97: invalid start byte
2025-08-31 19:04:09,323 - db.connector - INFO - Using tables from configuration for schema stg_schema: ['stg_customers', 'stg_rentals', 'stg_payments', 'stg_films']
2025-08-31 19:04:17,742 - __main__ - INFO - Starting DVD Data Checker
2025-08-31 19:04:17,795 - __main__ - INFO - Available tables in schema 'lds_schema':
2025-08-31 19:04:18,190 - db.connector - WARNING - Connection strategy 1 failed: 'utf-8' codec can't decode byte 0xfc in position 97: invalid start byte
2025-08-31 19:04:18,397 - db.connector - WARNING - Connection strategy 2 failed: 'utf-8' codec can't decode byte 0xfc in position 97: invalid start byte
2025-08-31 19:04:18,647 - db.connector - WARNING - Connection strategy 3 failed: 'utf-8' codec can't decode byte 0xfc in position 97: invalid start byte
2025-08-31 19:04:18,858 - db.connector - WARNING - Connection strategy 4 failed: 'utf-8' codec can't decode byte 0xfc in position 97: invalid start byte
2025-08-31 19:04:18,859 - db.connector - ERROR - All connection strategies failed. Last error: 'utf-8' codec can't decode byte 0xfc in position 97: invalid start byte
2025-08-31 19:04:18,862 - db.connector - ERROR - Error getting tables for schema lds_schema: 'utf-8' codec can't decode byte 0xfc in position 97: invalid start byte
2025-08-31 19:04:18,864 - db.connector - INFO - Using tables from configuration for schema lds_schema: ['lds_customer_dim', 'lds_film_dim', 'lds_rental_fact', 'lds_payment_fact']
2025-08-31 19:04:27,428 - __main__ - INFO - Starting DVD Data Checker
2025-08-31 19:04:27,446 - __main__ - INFO - Available tables in schema 'public':
2025-08-31 19:04:27,816 - db.connector - WARNING - Connection strategy 1 failed: 'utf-8' codec can't decode byte 0xfc in position 97: invalid start byte
2025-08-31 19:04:28,172 - db.connector - WARNING - Connection strategy 2 failed: 'utf-8' codec can't decode byte 0xfc in position 97: invalid start byte
2025-08-31 19:04:28,395 - db.connector - WARNING - Connection strategy 3 failed: 'utf-8' codec can't decode byte 0xfc in position 97: invalid start byte
2025-08-31 19:04:28,578 - db.connector - WARNING - Connection strategy 4 failed: 'utf-8' codec can't decode byte 0xfc in position 97: invalid start byte
2025-08-31 19:04:28,578 - db.connector - ERROR - All connection strategies failed. Last error: 'utf-8' codec can't decode byte 0xfc in position 97: invalid start byte
2025-08-31 19:04:28,578 - db.connector - ERROR - Error getting tables for schema public: 'utf-8' codec can't decode byte 0xfc in position 97: invalid start byte
2025-08-31 19:04:28,578 - db.connector - INFO - No tables found in schema 'public' and no configuration provided
2025-08-31 19:04:28,578 - db.connector - INFO - You can add tables to the configuration file or create tables in the database
2025-08-31 19:05:07,899 - __main__ - INFO - Starting DVD Data Checker
2025-08-31 19:05:07,922 - __main__ - INFO - Available tables in schema 'public':
2025-08-31 19:05:07,989 - db.connector - WARNING - Connection strategy 1 failed: 'utf-8' codec can't decode byte 0xfc in position 97: invalid start byte
2025-08-31 19:05:08,038 - db.connector - WARNING - Connection strategy 2 failed: 'utf-8' codec can't decode byte 0xfc in position 97: invalid start byte
2025-08-31 19:05:08,104 - db.connector - WARNING - Connection strategy 3 failed: 'utf-8' codec can't decode byte 0xfc in position 97: invalid start byte
2025-08-31 19:05:08,166 - db.connector - WARNING - Connection strategy 4 failed: 'utf-8' codec can't decode byte 0xfc in position 97: invalid start byte
2025-08-31 19:05:08,167 - db.connector - ERROR - All connection strategies failed. Last error: 'utf-8' codec can't decode byte 0xfc in position 97: invalid start byte
2025-08-31 19:05:08,167 - db.connector - ERROR - Error getting tables for schema public: 'utf-8' codec can't decode byte 0xfc in position 97: invalid start byte
2025-08-31 19:05:08,167 - db.connector - INFO - Using tables from configuration for schema public: ['actor', 'address', 'category', 'city', 'country', 'customer', 'film', 'film_actor', 'film_category', 'inventory', 'language', 'payment', 'rental', 'staff', 'store']
2025-09-01 17:22:13,067 - __main__ - INFO - Starting DVD Data Checker
2025-09-01 17:22:13,086 - __main__ - INFO - Available tables in schema 'stg_schema':
2025-09-01 17:22:13,143 - db.connector - WARNING - Connection strategy 1 failed: 'utf-8' codec can't decode byte 0xfc in position 97: invalid start byte
2025-09-01 17:22:13,194 - db.connector - WARNING - Connection strategy 2 failed: 'utf-8' codec can't decode byte 0xfc in position 97: invalid start byte
2025-09-01 17:22:13,244 - db.connector - WARNING - Connection strategy 3 failed: 'utf-8' codec can't decode byte 0xfc in position 97: invalid start byte
2025-09-01 17:22:13,302 - db.connector - WARNING - Connection strategy 4 failed: 'utf-8' codec can't decode byte 0xfc in position 97: invalid start byte
2025-09-01 17:22:13,302 - db.connector - ERROR - All connection strategies failed. Last error: 'utf-8' codec can't decode byte 0xfc in position 97: invalid start byte
2025-09-01 17:22:13,304 - db.connector - ERROR - Error getting tables for schema stg_schema: 'utf-8' codec can't decode byte 0xfc in position 97: invalid start byte
2025-09-01 17:22:28,263 - __main__ - INFO - Starting DVD Data Checker
2025-09-01 17:22:28,271 - __main__ - INFO - Available tables in schema 'stg_schema':
2025-09-01 17:22:28,331 - db.connector - WARNING - Connection strategy 1 failed: 'utf-8' codec can't decode byte 0xfc in position 97: invalid start byte
2025-09-01 17:22:28,385 - db.connector - WARNING - Connection strategy 2 failed: 'utf-8' codec can't decode byte 0xfc in position 97: invalid start byte
2025-09-01 17:22:28,444 - db.connector - WARNING - Connection strategy 3 failed: 'utf-8' codec can't decode byte 0xfc in position 97: invalid start byte
2025-09-01 17:22:28,507 - db.connector - WARNING - Connection strategy 4 failed: 'utf-8' codec can't decode byte 0xfc in position 97: invalid start byte
2025-09-01 17:22:28,507 - db.connector - ERROR - All connection strategies failed. Last error: 'utf-8' codec can't decode byte 0xfc in position 97: invalid start byte
2025-09-01 17:22:28,508 - db.connector - ERROR - Error getting tables for schema stg_schema: 'utf-8' codec can't decode byte 0xfc in position 97: invalid start byte
2025-09-02 09:30:07,676 - __main__ - INFO - Starting DVD Data Checker
2025-09-02 09:30:07,697 - __main__ - INFO - Available tables in schema 'stg_schema':
2025-09-02 09:30:07,775 - db.connector - WARNING - Connection strategy 1 failed: 'utf-8' codec can't decode byte 0xfc in position 97: invalid start byte
2025-09-02 09:30:07,889 - db.connector - WARNING - Connection strategy 2 failed: 'utf-8' codec can't decode byte 0xfc in position 97: invalid start byte
2025-09-02 09:30:07,947 - db.connector - WARNING - Connection strategy 3 failed: 'utf-8' codec can't decode byte 0xfc in position 97: invalid start byte
2025-09-02 09:30:08,041 - db.connector - WARNING - Connection strategy 4 failed: 'utf-8' codec can't decode byte 0xfc in position 97: invalid start byte
2025-09-02 09:30:08,041 - db.connector - ERROR - All connection strategies failed. Last error: 'utf-8' codec can't decode byte 0xfc in position 97: invalid start byte
2025-09-02 09:30:08,042 - db.connector - ERROR - Error getting tables for schema stg_schema: 'utf-8' codec can't decode byte 0xfc in position 97: invalid start byte
2025-09-02 09:30:10,221 - __main__ - INFO - Starting DVD Data Checker
2025-09-02 09:30:10,229 - __main__ - INFO - Available tables in schema 'stg_schema':
2025-09-02 09:30:10,274 - db.connector - WARNING - Connection strategy 1 failed: 'utf-8' codec can't decode byte 0xfc in position 97: invalid start byte
2025-09-02 09:30:10,313 - db.connector - WARNING - Connection strategy 2 failed: 'utf-8' codec can't decode byte 0xfc in position 97: invalid start byte
2025-09-02 09:30:10,355 - db.connector - WARNING - Connection strategy 3 failed: 'utf-8' codec can't decode byte 0xfc in position 97: invalid start byte
2025-09-02 09:30:10,392 - db.connector - WARNING - Connection strategy 4 failed: 'utf-8' codec can't decode byte 0xfc in position 97: invalid start byte
2025-09-02 09:30:10,393 - db.connector - ERROR - All connection strategies failed. Last error: 'utf-8' codec can't decode byte 0xfc in position 97: invalid start byte
2025-09-02 09:30:10,394 - db.connector - ERROR - Error getting tables for schema stg_schema: 'utf-8' codec can't decode byte 0xfc in position 97: invalid start byte
2025-09-02 10:36:18,613 - __main__ - INFO - Starting DVD Data Checker
2025-09-02 10:36:18,619 - __main__ - INFO - Available tables in schema 'stg_schema':
2025-09-02 10:36:18,675 - db.connector - WARNING - Connection strategy 1 failed: 'utf-8' codec can't decode byte 0xfc in position 97: invalid start byte
2025-09-02 10:36:18,711 - db.connector - WARNING - Connection strategy 2 failed: 'utf-8' codec can't decode byte 0xfc in position 97: invalid start byte
2025-09-02 10:36:18,750 - db.connector - WARNING - Connection strategy 3 failed: 'utf-8' codec can't decode byte 0xfc in position 97: invalid start byte
2025-09-02 10:36:18,789 - db.connector - WARNING - Connection strategy 4 failed: 'utf-8' codec can't decode byte 0xfc in position 97: invalid start byte
2025-09-02 10:36:18,789 - db.connector - ERROR - All connection strategies failed. Last error: 'utf-8' codec can't decode byte 0xfc in position 97: invalid start byte
2025-09-02 10:36:18,790 - db.connector - ERROR - Error getting tables for schema stg_schema: 'utf-8' codec can't decode byte 0xfc in position 97: invalid start byte
2025-09-02 10:43:47,534 - __main__ - INFO - Starting DVD Data Checker
2025-09-02 10:43:47,541 - __main__ - INFO - Available tables in schema 'stg_schema':
2025-09-02 11:12:49,261 - __main__ - INFO - Starting DVD Data Checker
2025-09-02 11:12:49,269 - __main__ - INFO - Available tables in schema 'stg_schema':
2025-09-02 11:12:49,327 - db.connector - INFO - Connected to PostgreSQL database: dvdrental (strategy 1)
2025-09-02 11:13:25,290 - __main__ - INFO - Starting DVD Data Checker
2025-09-02 11:13:25,299 - __main__ - INFO - Analysis target: Schema='stg_schema', Table='your_table_name'
2025-09-02 11:13:25,299 - __main__ - INFO - Checking for missing values...
2025-09-02 11:13:25,529 - db.connector - INFO - Connected to PostgreSQL database: dvdrental (strategy 1)
2025-09-02 11:13:25,535 - db.connector - ERROR - Database operation failed: FEHLER:  Syntaxfehler bei »'your_table_name'«
LINE 5:             (SELECT COUNT(*) FROM 'your_table_name'.'stg_sch...
                                          ^

2025-09-02 11:13:25,536 - analysis.missing_checker - ERROR - Error analyzing missing values in your_table_name.stg_schema: FEHLER:  Syntaxfehler bei »'your_table_name'«
LINE 5:             (SELECT COUNT(*) FROM 'your_table_name'.'stg_sch...
                                          ^

2025-09-02 11:13:25,537 - __main__ - INFO - Missing values analysis complete: 4 tables with issues
2025-09-02 11:13:25,537 - __main__ - INFO - DVD Data Checker completed successfully
2025-09-02 11:13:41,634 - __main__ - INFO - Starting DVD Data Checker
2025-09-02 11:13:41,641 - __main__ - INFO - Analysis target: Schema='stg_schema', Table='film_stg'
2025-09-02 11:13:41,642 - __main__ - INFO - Checking for missing values...
2025-09-02 11:13:41,699 - db.connector - INFO - Connected to PostgreSQL database: dvdrental (strategy 1)
2025-09-02 11:13:41,702 - db.connector - ERROR - Database operation failed: FEHLER:  Syntaxfehler bei »'film_stg'«
LINE 5:             (SELECT COUNT(*) FROM 'film_stg'.'stg_schema') a...
                                          ^

2025-09-02 11:13:41,702 - analysis.missing_checker - ERROR - Error analyzing missing values in film_stg.stg_schema: FEHLER:  Syntaxfehler bei »'film_stg'«
LINE 5:             (SELECT COUNT(*) FROM 'film_stg'.'stg_schema') a...
                                          ^

2025-09-02 11:13:41,703 - __main__ - INFO - Missing values analysis complete: 4 tables with issues
2025-09-02 11:13:41,703 - __main__ - INFO - DVD Data Checker completed successfully
2025-09-02 11:17:46,291 - __main__ - INFO - Starting DVD Data Checker
2025-09-02 11:17:46,298 - __main__ - INFO - Analysis target: Schema='stg_schema', Table='film_stg'
2025-09-02 11:17:46,299 - __main__ - INFO - Checking for missing values...
2025-09-02 11:17:46,354 - db.connector - INFO - Connected to PostgreSQL database: dvdrental (strategy 1)
2025-09-02 11:17:46,356 - db.connector - ERROR - Database operation failed: FEHLER:  Syntaxfehler bei »'film_stg'«
LINE 5:             (SELECT COUNT(*) FROM 'film_stg'.'stg_schema') a...
                                          ^

2025-09-02 11:17:46,357 - analysis.missing_checker - ERROR - Error analyzing missing values in film_stg.stg_schema: FEHLER:  Syntaxfehler bei »'film_stg'«
LINE 5:             (SELECT COUNT(*) FROM 'film_stg'.'stg_schema') a...
                                          ^

2025-09-02 11:17:46,357 - __main__ - INFO - Missing values analysis complete: 4 tables with issues
2025-09-02 11:17:46,357 - __main__ - INFO - DVD Data Checker completed successfully
2025-09-02 11:17:52,846 - __main__ - INFO - Starting DVD Data Checker
2025-09-02 11:17:52,852 - __main__ - INFO - Analysis target: Schema='stg_schema', Table='film_stg'
2025-09-02 11:17:52,853 - __main__ - INFO - Checking for missing values...
2025-09-02 11:17:52,918 - db.connector - INFO - Connected to PostgreSQL database: dvdrental (strategy 1)
2025-09-02 11:17:52,922 - db.connector - ERROR - Database operation failed: FEHLER:  Syntaxfehler bei »'stg_schema'«
LINE 5:             (SELECT COUNT(*) FROM 'stg_schema'.'film_stg') a...
                                          ^

2025-09-02 11:17:52,923 - analysis.missing_checker - ERROR - Error analyzing missing values in stg_schema.film_stg: FEHLER:  Syntaxfehler bei »'stg_schema'«
LINE 5:             (SELECT COUNT(*) FROM 'stg_schema'.'film_stg') a...
                                          ^

2025-09-02 11:17:52,924 - __main__ - INFO - Missing values analysis complete: 4 tables with issues
2025-09-02 11:17:52,925 - __main__ - INFO - DVD Data Checker completed successfully
2025-09-02 11:18:17,108 - __main__ - INFO - Starting DVD Data Checker
2025-09-02 11:18:17,117 - __main__ - INFO - Analysis target: Schema='stg_schema', Table='ALL TABLES'
2025-09-02 11:18:17,117 - __main__ - INFO - DVD Data Checker completed successfully
2025-09-02 11:18:22,651 - __main__ - INFO - Starting DVD Data Checker
2025-09-02 11:18:22,659 - __main__ - INFO - Analysis target: Schema='stg_schema', Table='ALL TABLES'
2025-09-02 11:18:22,660 - __main__ - INFO - DVD Data Checker completed successfully
2025-09-02 11:18:25,302 - __main__ - INFO - Starting DVD Data Checker
2025-09-02 11:18:25,309 - __main__ - INFO - Analysis target: Schema='stg_schema', Table='film_stg'
2025-09-02 11:18:25,310 - __main__ - INFO - Checking for missing values...
2025-09-02 11:18:25,356 - db.connector - INFO - Connected to PostgreSQL database: dvdrental (strategy 1)
2025-09-02 11:18:25,359 - db.connector - ERROR - Database operation failed: FEHLER:  Syntaxfehler bei »'stg_schema'«
LINE 5:             (SELECT COUNT(*) FROM 'stg_schema'.'film_stg') a...
                                          ^

2025-09-02 11:18:25,360 - analysis.missing_checker - ERROR - Error analyzing missing values in stg_schema.film_stg: FEHLER:  Syntaxfehler bei »'stg_schema'«
LINE 5:             (SELECT COUNT(*) FROM 'stg_schema'.'film_stg') a...
                                          ^

2025-09-02 11:18:25,361 - __main__ - INFO - Missing values analysis complete: 4 tables with issues
2025-09-02 11:18:25,361 - __main__ - INFO - DVD Data Checker completed successfully
2025-09-02 11:19:39,773 - __main__ - INFO - Starting DVD Data Checker
2025-09-02 11:19:39,780 - __main__ - INFO - Analysis target: Schema='stg_schema', Table='film_stg'
2025-09-02 11:19:39,781 - __main__ - INFO - Checking for missing values...
2025-09-02 11:19:39,827 - db.connector - INFO - Connected to PostgreSQL database: dvdrental (strategy 1)
2025-09-02 11:19:39,831 - db.connector - ERROR - Database operation failed: FEHLER:  Syntaxfehler bei »'stg_schema'«
LINE 5:             (SELECT COUNT(*) FROM 'stg_schema'.'film_stg') a...
                                          ^

2025-09-02 11:19:39,832 - analysis.missing_checker - ERROR - Error analyzing missing values in stg_schema.film_stg: FEHLER:  Syntaxfehler bei »'stg_schema'«
LINE 5:             (SELECT COUNT(*) FROM 'stg_schema'.'film_stg') a...
                                          ^

2025-09-02 11:19:39,832 - __main__ - INFO - Missing values analysis complete: 4 tables with issues
2025-09-02 11:19:39,833 - __main__ - INFO - DVD Data Checker completed successfully
2025-09-02 11:19:44,949 - __main__ - INFO - Starting DVD Data Checker
2025-09-02 11:19:44,955 - __main__ - INFO - Analysis target: Schema='stg_schema', Table='ALL TABLES'
2025-09-02 11:19:44,957 - __main__ - INFO - Checking for missing values...
2025-09-02 11:19:45,002 - db.connector - INFO - Connected to PostgreSQL database: dvdrental (strategy 1)
2025-09-02 11:19:45,098 - analysis.missing_checker - INFO - Analyzing missing values in stg_schema.store_stg
2025-09-02 11:19:45,101 - db.connector - ERROR - Database operation failed: FEHLER:  Syntaxfehler bei »'stg_schema'«
LINE 5:             (SELECT COUNT(*) FROM 'stg_schema'.'store_stg') ...
                                          ^

2025-09-02 11:19:45,101 - analysis.missing_checker - ERROR - Error analyzing missing values in stg_schema.store_stg: FEHLER:  Syntaxfehler bei »'stg_schema'«
LINE 5:             (SELECT COUNT(*) FROM 'stg_schema'.'store_stg') ...
                                          ^

2025-09-02 11:19:45,101 - analysis.missing_checker - INFO - Analyzing missing values in stg_schema.film_stg
2025-09-02 11:19:45,101 - db.connector - ERROR - Database operation failed: FEHLER:  Syntaxfehler bei »'stg_schema'«
LINE 5:             (SELECT COUNT(*) FROM 'stg_schema'.'film_stg') a...
                                          ^

2025-09-02 11:19:45,101 - analysis.missing_checker - ERROR - Error analyzing missing values in stg_schema.film_stg: FEHLER:  Syntaxfehler bei »'stg_schema'«
LINE 5:             (SELECT COUNT(*) FROM 'stg_schema'.'film_stg') a...
                                          ^

2025-09-02 11:19:45,102 - analysis.missing_checker - INFO - Analyzing missing values in stg_schema.staff_stg
2025-09-02 11:19:45,102 - db.connector - ERROR - Database operation failed: FEHLER:  Syntaxfehler bei »'stg_schema'«
LINE 5:             (SELECT COUNT(*) FROM 'stg_schema'.'staff_stg') ...
                                          ^

2025-09-02 11:19:45,102 - analysis.missing_checker - ERROR - Error analyzing missing values in stg_schema.staff_stg: FEHLER:  Syntaxfehler bei »'stg_schema'«
LINE 5:             (SELECT COUNT(*) FROM 'stg_schema'.'staff_stg') ...
                                          ^

2025-09-02 11:19:45,102 - analysis.missing_checker - INFO - Analyzing missing values in stg_schema.inventory_stg
2025-09-02 11:19:45,103 - db.connector - ERROR - Database operation failed: FEHLER:  Syntaxfehler bei »'stg_schema'«
LINE 5:             (SELECT COUNT(*) FROM 'stg_schema'.'inventory_st...
                                          ^

2025-09-02 11:19:45,103 - analysis.missing_checker - ERROR - Error analyzing missing values in stg_schema.inventory_stg: FEHLER:  Syntaxfehler bei »'stg_schema'«
LINE 5:             (SELECT COUNT(*) FROM 'stg_schema'.'inventory_st...
                                          ^

2025-09-02 11:19:45,103 - analysis.missing_checker - INFO - Analyzing missing values in stg_schema.rental_stg
2025-09-02 11:19:45,103 - db.connector - ERROR - Database operation failed: FEHLER:  Syntaxfehler bei »'stg_schema'«
LINE 5:             (SELECT COUNT(*) FROM 'stg_schema'.'rental_stg')...
                                          ^

2025-09-02 11:19:45,103 - analysis.missing_checker - ERROR - Error analyzing missing values in stg_schema.rental_stg: FEHLER:  Syntaxfehler bei »'stg_schema'«
LINE 5:             (SELECT COUNT(*) FROM 'stg_schema'.'rental_stg')...
                                          ^

2025-09-02 11:19:45,103 - analysis.missing_checker - INFO - Analyzing missing values in stg_schema.category_stg
2025-09-02 11:19:45,104 - db.connector - ERROR - Database operation failed: FEHLER:  Syntaxfehler bei »'stg_schema'«
LINE 5:             (SELECT COUNT(*) FROM 'stg_schema'.'category_stg...
                                          ^

2025-09-02 11:19:45,105 - analysis.missing_checker - ERROR - Error analyzing missing values in stg_schema.category_stg: FEHLER:  Syntaxfehler bei »'stg_schema'«
LINE 5:             (SELECT COUNT(*) FROM 'stg_schema'.'category_stg...
                                          ^

2025-09-02 11:19:45,105 - analysis.missing_checker - INFO - Analyzing missing values in stg_schema.address_stg
2025-09-02 11:19:45,106 - db.connector - ERROR - Database operation failed: FEHLER:  Syntaxfehler bei »'stg_schema'«
LINE 5:             (SELECT COUNT(*) FROM 'stg_schema'.'address_stg'...
                                          ^

2025-09-02 11:19:45,106 - analysis.missing_checker - ERROR - Error analyzing missing values in stg_schema.address_stg: FEHLER:  Syntaxfehler bei »'stg_schema'«
LINE 5:             (SELECT COUNT(*) FROM 'stg_schema'.'address_stg'...
                                          ^

2025-09-02 11:19:45,106 - analysis.missing_checker - INFO - Analyzing missing values in stg_schema.customer_stg
2025-09-02 11:19:45,107 - db.connector - ERROR - Database operation failed: FEHLER:  Syntaxfehler bei »'stg_schema'«
LINE 5:             (SELECT COUNT(*) FROM 'stg_schema'.'customer_stg...
                                          ^

2025-09-02 11:19:45,107 - analysis.missing_checker - ERROR - Error analyzing missing values in stg_schema.customer_stg: FEHLER:  Syntaxfehler bei »'stg_schema'«
LINE 5:             (SELECT COUNT(*) FROM 'stg_schema'.'customer_stg...
                                          ^

2025-09-02 11:19:45,107 - __main__ - INFO - Missing values analysis complete: 9 tables with issues
2025-09-02 11:19:45,107 - __main__ - INFO - DVD Data Checker completed successfully
